<?xml version="1.0" encoding="UTF-8"?>
<testsuite name="org.launhcode.healthynutrition.HealthyNutritionApplicationTests" tests="1" skipped="0" failures="0" errors="0" timestamp="2021-03-16T01:31:42" hostname="DHWSAMSHP" time="1.205">
  <properties/>
  <testcase name="contextLoads()" classname="org.launhcode.healthynutrition.HealthyNutritionApplicationTests" time="1.205"/>
  <system-out><![CDATA[20:31:35.333 [Test worker] DEBUG org.springframework.test.context.BootstrapUtils - Instantiating CacheAwareContextLoaderDelegate from class [org.springframework.test.context.cache.DefaultCacheAwareContextLoaderDelegate]
20:31:35.375 [Test worker] DEBUG org.springframework.test.context.BootstrapUtils - Instantiating BootstrapContext using constructor [public org.springframework.test.context.support.DefaultBootstrapContext(java.lang.Class,org.springframework.test.context.CacheAwareContextLoaderDelegate)]
20:31:35.428 [Test worker] DEBUG org.springframework.test.context.BootstrapUtils - Instantiating TestContextBootstrapper for test class [org.launhcode.healthynutrition.HealthyNutritionApplicationTests] from class [org.springframework.boot.test.context.SpringBootTestContextBootstrapper]
20:31:35.462 [Test worker] INFO org.springframework.boot.test.context.SpringBootTestContextBootstrapper - Neither @ContextConfiguration nor @ContextHierarchy found for test class [org.launhcode.healthynutrition.HealthyNutritionApplicationTests], using SpringBootContextLoader
20:31:35.471 [Test worker] DEBUG org.springframework.test.context.support.AbstractContextLoader - Did not detect default resource location for test class [org.launhcode.healthynutrition.HealthyNutritionApplicationTests]: class path resource [org/launhcode/healthynutrition/HealthyNutritionApplicationTests-context.xml] does not exist
20:31:35.473 [Test worker] DEBUG org.springframework.test.context.support.AbstractContextLoader - Did not detect default resource location for test class [org.launhcode.healthynutrition.HealthyNutritionApplicationTests]: class path resource [org/launhcode/healthynutrition/HealthyNutritionApplicationTestsContext.groovy] does not exist
20:31:35.473 [Test worker] INFO org.springframework.test.context.support.AbstractContextLoader - Could not detect default resource locations for test class [org.launhcode.healthynutrition.HealthyNutritionApplicationTests]: no resource found for suffixes {-context.xml, Context.groovy}.
20:31:35.475 [Test worker] INFO org.springframework.test.context.support.AnnotationConfigContextLoaderUtils - Could not detect default configuration classes for test class [org.launhcode.healthynutrition.HealthyNutritionApplicationTests]: HealthyNutritionApplicationTests does not declare any static, non-private, non-final, nested classes annotated with @Configuration.
20:31:35.553 [Test worker] DEBUG org.springframework.test.context.support.ActiveProfilesUtils - Could not find an 'annotation declaring class' for annotation type [org.springframework.test.context.ActiveProfiles] and class [org.launhcode.healthynutrition.HealthyNutritionApplicationTests]
20:31:35.694 [Test worker] DEBUG org.springframework.context.annotation.ClassPathScanningCandidateComponentProvider - Identified candidate component class: file [C:\Users\dhwan\Java_lc101\liftoff\build\classes\java\main\org\launhcode\healthynutrition\HealthyNutritionApplication.class]
20:31:35.696 [Test worker] INFO org.springframework.boot.test.context.SpringBootTestContextBootstrapper - Found @SpringBootConfiguration org.launhcode.healthynutrition.HealthyNutritionApplication for test class org.launhcode.healthynutrition.HealthyNutritionApplicationTests
20:31:35.942 [Test worker] DEBUG org.springframework.boot.test.context.SpringBootTestContextBootstrapper - @TestExecutionListeners is not present for class [org.launhcode.healthynutrition.HealthyNutritionApplicationTests]: using defaults.
20:31:35.945 [Test worker] INFO org.springframework.boot.test.context.SpringBootTestContextBootstrapper - Loaded default TestExecutionListener class names from location [META-INF/spring.factories]: [org.springframework.boot.test.autoconfigure.restdocs.RestDocsTestExecutionListener, org.springframework.boot.test.autoconfigure.web.client.MockRestServiceServerResetTestExecutionListener, org.springframework.boot.test.autoconfigure.web.servlet.MockMvcPrintOnlyOnFailureTestExecutionListener, org.springframework.boot.test.autoconfigure.web.servlet.WebDriverTestExecutionListener, org.springframework.boot.test.mock.mockito.MockitoTestExecutionListener, org.springframework.boot.test.mock.mockito.ResetMocksTestExecutionListener, org.springframework.test.context.web.ServletTestExecutionListener, org.springframework.test.context.support.DirtiesContextBeforeModesTestExecutionListener, org.springframework.test.context.support.DependencyInjectionTestExecutionListener, org.springframework.test.context.support.DirtiesContextTestExecutionListener, org.springframework.test.context.transaction.TransactionalTestExecutionListener, org.springframework.test.context.jdbc.SqlScriptsTestExecutionListener, org.springframework.test.context.event.EventPublishingTestExecutionListener]
20:31:35.993 [Test worker] DEBUG org.springframework.boot.test.context.SpringBootTestContextBootstrapper - Skipping candidate TestExecutionListener [org.springframework.test.context.transaction.TransactionalTestExecutionListener] due to a missing dependency. Specify custom listener classes or make the default listener classes and their required dependencies available. Offending class: [org/springframework/transaction/interceptor/TransactionAttributeSource]
20:31:35.995 [Test worker] DEBUG org.springframework.boot.test.context.SpringBootTestContextBootstrapper - Skipping candidate TestExecutionListener [org.springframework.test.context.jdbc.SqlScriptsTestExecutionListener] due to a missing dependency. Specify custom listener classes or make the default listener classes and their required dependencies available. Offending class: [org/springframework/transaction/interceptor/TransactionAttribute]
20:31:35.996 [Test worker] INFO org.springframework.boot.test.context.SpringBootTestContextBootstrapper - Using TestExecutionListeners: [org.springframework.test.context.web.ServletTestExecutionListener@6a5a59af, org.springframework.test.context.support.DirtiesContextBeforeModesTestExecutionListener@4e651222, org.springframework.boot.test.mock.mockito.MockitoTestExecutionListener@2b8739d6, org.springframework.boot.test.autoconfigure.SpringBootDependencyInjectionTestExecutionListener@6da2f879, org.springframework.test.context.support.DirtiesContextTestExecutionListener@550d5343, org.springframework.test.context.event.EventPublishingTestExecutionListener@331fbfc2, org.springframework.boot.test.autoconfigure.restdocs.RestDocsTestExecutionListener@214479fe, org.springframework.boot.test.autoconfigure.web.client.MockRestServiceServerResetTestExecutionListener@5bdf2c9f, org.springframework.boot.test.autoconfigure.web.servlet.MockMvcPrintOnlyOnFailureTestExecutionListener@64f7ebec, org.springframework.boot.test.autoconfigure.web.servlet.WebDriverTestExecutionListener@2ad8a91f, org.springframework.boot.test.mock.mockito.ResetMocksTestExecutionListener@2851be33]
20:31:36.008 [Test worker] DEBUG org.springframework.test.context.support.AbstractDirtiesContextTestExecutionListener - Before test class: context [DefaultTestContext@6905c9bf testClass = HealthyNutritionApplicationTests, testInstance = [null], testMethod = [null], testException = [null], mergedContextConfiguration = [WebMergedContextConfiguration@6eebd65e testClass = HealthyNutritionApplicationTests, locations = '{}', classes = '{class org.launhcode.healthynutrition.HealthyNutritionApplication}', contextInitializerClasses = '[]', activeProfiles = '{}', propertySourceLocations = '{}', propertySourceProperties = '{org.springframework.boot.test.context.SpringBootTestContextBootstrapper=true}', contextCustomizers = set[org.springframework.boot.test.autoconfigure.properties.PropertyMappingContextCustomizer@0, org.springframework.boot.test.autoconfigure.web.servlet.WebDriverContextCustomizerFactory$Customizer@14953047, org.springframework.boot.test.context.filter.ExcludeFilterContextCustomizer@6dc6fd90, org.springframework.boot.test.json.DuplicateJsonObjectContextCustomizerFactory$DuplicateJsonObjectContextCustomizer@62c7425b, org.springframework.boot.test.mock.mockito.MockitoContextCustomizer@0, org.springframework.boot.test.web.client.TestRestTemplateContextCustomizer@420103e7], resourceBasePath = 'src/main/webapp', contextLoader = 'org.springframework.boot.test.context.SpringBootContextLoader', parent = [null]], attributes = map['org.springframework.test.context.web.ServletTestExecutionListener.activateListener' -> true]], class annotated with @DirtiesContext [false] with mode [null].
20:31:36.103 [Test worker] DEBUG org.springframework.test.context.support.TestPropertySourceUtils - Adding inlined properties to environment: {spring.jmx.enabled=false, org.springframework.boot.test.context.SpringBootTestContextBootstrapper=true, server.port=-1}

  .   ____          _            __ _ _
 /\\ / ___'_ __ _ _(_)_ __  __ _ \ \ \ \
( ( )\___ | '_ | '_| | '_ \/ _` | \ \ \ \
 \\/  ___)| |_)| | | | | || (_| |  ) ) ) )
  '  |____| .__|_| |_|_| |_\__, | / / / /
 =========|_|==============|___/=/_/_/_/
 :: Spring Boot ::        (v2.2.2.RELEASE)

2021-03-15 20:31:36.909  INFO 13736 --- [    Test worker] o.l.h.HealthyNutritionApplicationTests   : Starting HealthyNutritionApplicationTests on DHWSAMsHP with PID 13736 (started by dhwan in C:\Users\dhwan\Java_lc101\liftoff)
2021-03-15 20:31:36.913  INFO 13736 --- [    Test worker] o.l.h.HealthyNutritionApplicationTests   : No active profile set, falling back to default profiles: default
2021-03-15 20:31:40.844  INFO 13736 --- [    Test worker] o.s.s.concurrent.ThreadPoolTaskExecutor  : Initializing ExecutorService 'applicationTaskExecutor'
2021-03-15 20:31:41.608  WARN 13736 --- [    Test worker] ion$DefaultTemplateResolverConfiguration : Cannot find template location: classpath:/templates/ (please add some templates or check your Thymeleaf configuration)
2021-03-15 20:31:42.089  INFO 13736 --- [    Test worker] o.l.h.HealthyNutritionApplicationTests   : Started HealthyNutritionApplicationTests in 5.957 seconds (JVM running for 9.307)
]]></system-out>
  <system-err><![CDATA[]]></system-err>
</testsuite>
